2026-03-10 11:31:38,846 [WARNING] slowrequests: GET / — 222.85 ms — 2 queries
2026-03-10 11:36:45,624 [WARNING] slowrequests: GET /interventions/viee/ — 282.49 ms — 5 queries
2026-03-10 12:16:08,017 [WARNING] slowrequests: GET / — 200.27 ms — 2 queries
2026-03-10 15:23:59,708 [WARNING] slowrequests: POST /login/ — 1178.04 ms — 9 queries
2026-03-10 15:24:12,366 [WARNING] slowrequests: GET /demandes/nouvelle/ — 217.31 ms — 4 queries
2026-03-10 15:39:19,043 [WARNING] slowrequests: POST /login/ — 983.91 ms — 9 queries
2026-03-11 10:52:57,030 [WARNING] slowrequests: GET / — 385.91 ms — 2 queries
2026-03-11 10:52:57,756 [WARNING] slowrequests: GET /dashboard/ — 354.08 ms — 13 queries
2026-03-11 12:13:16,280 [WARNING] slowrequests: GET /admin/auth/group/1/change/ — 447.69 ms — 7 queries
2026-03-12 11:15:23,270 [WARNING] slowrequests: GET /demandes/nouvelle/?machine=12 — 327.31 ms — 2 queries
2026-03-12 11:16:45,445 [WARNING] slowrequests: GET /machines/ — 405.62 ms — 4 queries
2026-03-12 14:38:12,739 [WARNING] slowrequests: POST /login/ — 1341.29 ms — 9 queries
2026-03-13 09:51:46,605 [WARNING] slowrequests: GET /trs/ — 764.88 ms — 7 queries
2026-03-13 09:52:17,198 [WARNING] slowrequests: GET /trs/saisie/ — 430.33 ms — 2 queries
2026-03-13 09:52:44,243 [WARNING] slowrequests: GET /interventions/viee/ — 387.19 ms — 5 queries
2026-03-13 10:06:42,179 [WARNING] slowrequests: GET /interventions/viee/ — 367.81 ms — 29 queries
2026-03-13 10:08:25,889 [WARNING] slowrequests: GET /interventions/viee/ — 356.69 ms — 29 queries
2026-03-13 11:05:02,859 [WARNING] slowrequests: POST /login/ — 1327.77 ms — 9 queries
2026-04-01 10:25:12,478 [WARNING] slowrequests: POST /login/ — 479.99 ms — 9 queries
2026-04-01 10:25:12,713 [WARNING] slowrequests: GET /dashboard/ — 212.69 ms — 15 queries
2026-04-01 10:25:21,762 [WARNING] slowrequests: GET /demandes/nouvelle/ — 203.79 ms — 4 queries
2026-04-01 10:30:22,616 [WARNING] slowrequests: GET /demandes/dashboard/ — 289.07 ms — 35 queries
2026-04-01 11:21:38,787 [WARNING] slowrequests: POST /login/ — 585.42 ms — 9 queries
2026-04-01 11:36:18,387 [WARNING] slowrequests: GET /dashboard/ — 947.14 ms — 39 queries
2026-04-01 12:07:45,078 [WARNING] slowrequests: POST /login/ — 426.57 ms — 1 queries
2026-04-01 12:07:49,249 [WARNING] slowrequests: POST /login/ — 555.47 ms — 9 queries
2026-04-01 12:08:01,898 [WARNING] slowrequests: POST /login/ — 482.70 ms — 9 queries
2026-04-01 12:12:31,238 [WARNING] slowrequests: POST /login/ — 459.24 ms — 9 queries
2026-04-03 11:29:04,195 [WARNING] slowrequests: GET /dashboard/ — 720.35 ms — 27 queries
2026-04-03 11:34:37,778 [WARNING] slowrequests: GET /demandes/nouvelle/ — 247.02 ms — 4 queries
2026-04-03 11:50:00,021 [WARNING] slowrequests: POST /login/ — 462.31 ms — 9 queries
2026-04-03 11:55:18,005 [WARNING] slowrequests: POST /login/ — 492.58 ms — 9 queries
2026-04-03 11:55:48,612 [WARNING] slowrequests: POST /login/ — 452.58 ms — 9 queries
2026-04-03 11:57:03,416 [WARNING] slowrequests: POST /utilisateurs/nouveau/ — 518.54 ms — 14 queries
2026-04-03 11:57:14,023 [WARNING] slowrequests: POST /login/ — 468.74 ms — 9 queries
2026-04-03 11:58:46,188 [WARNING] slowrequests: POST /login/ — 472.72 ms — 9 queries
2026-04-03 13:11:35,519 [WARNING] slowrequests: POST /login/ — 540.98 ms — 9 queries
2026-04-03 13:11:59,900 [WARNING] slowrequests: POST /login/ — 478.29 ms — 9 queries
2026-04-03 13:15:41,125 [WARNING] slowrequests: POST /login/ — 486.58 ms — 9 queries
2026-04-03 13:15:51,531 [WARNING] slowrequests: POST /login/ — 496.33 ms — 9 queries
2026-04-03 13:19:54,504 [WARNING] slowrequests: POST /login/ — 441.61 ms — 1 queries
2026-04-03 13:19:58,739 [WARNING] slowrequests: POST /login/ — 444.40 ms — 9 queries
2026-04-03 13:55:19,690 [WARNING] slowrequests: POST /login/ — 247.03 ms — 1 queries
2026-04-03 13:55:24,774 [WARNING] slowrequests: POST /login/ — 248.01 ms — 1 queries
2026-04-03 13:55:34,756 [WARNING] slowrequests: POST /login/ — 250.80 ms — 1 queries
2026-04-03 13:56:47,917 [WARNING] slowrequests: POST /login/ — 758.37 ms — 10 queries
2026-04-03 13:57:38,817 [WARNING] slowrequests: POST /utilisateurs/nouveau/ — 422.46 ms — 10 queries
2026-04-03 13:59:12,070 [WARNING] slowrequests: POST /utilisateurs/nouveau/ — 276.40 ms — 10 queries
2026-04-04 20:30:16,838 [WARNING] slowrequests: POST /login/ — 1348.58 ms — 10 queries
2026-04-04 20:30:55,905 [WARNING] slowrequests: POST /login/ — 533.73 ms — 9 queries
2026-04-04 20:33:37,635 [WARNING] slowrequests: GET /demandes/1/ — 216.47 ms — 3 queries
2026-04-06 09:20:43,164 [WARNING] slowrequests: GET /demandes/nouvelle/ — 235.79 ms — 4 queries
2026-04-06 09:24:38,641 [WARNING] slowrequests: GET /demandes/ — 230.57 ms — 5 queries
2026-04-06 10:02:46,136 [WARNING] slowrequests: POST /login/ — 240.46 ms — 1 queries
2026-04-06 10:04:40,894 [WARNING] slowrequests: POST /login/ — 775.81 ms — 10 queries
2026-04-06 11:22:11,666 [WARNING] slowrequests: POST /login/ — 252.48 ms — 1 queries
2026-04-06 11:25:37,519 [WARNING] slowrequests: POST /login/ — 753.84 ms — 10 queries
2026-04-06 13:32:45,963 [WARNING] slowrequests: POST /login/ — 251.36 ms — 1 queries
2026-04-06 13:32:53,759 [WARNING] slowrequests: POST /login/ — 242.15 ms — 1 queries
2026-04-06 13:33:08,194 [WARNING] slowrequests: POST /login/ — 235.97 ms — 1 queries
2026-04-06 13:33:15,241 [WARNING] slowrequests: POST /login/ — 237.50 ms — 1 queries
2026-04-06 13:34:12,604 [WARNING] slowrequests: POST /login/ — 252.87 ms — 9 queries
2026-04-06 13:34:30,666 [WARNING] slowrequests: POST /login/ — 780.30 ms — 10 queries
2026-04-06 13:39:48,633 [WARNING] slowrequests: POST /login/ — 249.41 ms — 9 queries
2026-04-06 13:42:04,701 [WARNING] slowrequests: POST /login/ — 744.15 ms — 10 queries
2026-04-06 13:43:43,093 [WARNING] slowrequests: POST /login/ — 253.77 ms — 9 queries
2026-04-13 13:12:28,731 [WARNING] slowrequests: POST /login/ — 305.97 ms — 1 queries
2026-04-13 13:12:37,364 [WARNING] slowrequests: POST /login/ — 303.99 ms — 1 queries
2026-04-13 13:12:41,609 [WARNING] slowrequests: POST /login/ — 304.45 ms — 1 queries
2026-04-13 13:12:45,450 [WARNING] slowrequests: POST /login/ — 307.50 ms — 9 queries
2026-04-13 13:27:35,799 [WARNING] slowrequests: POST /utilisateurs/nouveau/ — 278.82 ms — 14 queries
2026-04-13 13:40:33,502 [WARNING] slowrequests: POST /login/ — 502.35 ms — 1 queries
2026-04-13 13:40:38,790 [WARNING] slowrequests: POST /login/ — 598.40 ms — 1 queries
2026-04-13 13:40:41,918 [WARNING] slowrequests: POST /login/ — 495.73 ms — 1 queries
2026-04-13 13:40:45,384 [WARNING] slowrequests: POST /login/ — 508.49 ms — 1 queries
2026-04-13 13:40:50,234 [WARNING] slowrequests: POST /login/ — 500.43 ms — 1 queries
2026-04-13 13:42:10,437 [WARNING] slowrequests: POST /login/ — 745.70 ms — 10 queries
2026-04-13 13:52:48,205 [WARNING] slowrequests: POST /utilisateurs/nouveau/ — 505.59 ms — 14 queries
2026-04-13 13:53:37,194 [WARNING] slowrequests: POST /utilisateurs/nouveau/ — 510.11 ms — 14 queries
2026-04-13 13:54:15,978 [WARNING] slowrequests: POST /utilisateurs/nouveau/ — 501.52 ms — 14 queries
2026-04-13 13:55:00,691 [WARNING] slowrequests: POST /utilisateurs/nouveau/ — 515.35 ms — 14 queries
2026-04-13 13:55:45,075 [WARNING] slowrequests: POST /utilisateurs/nouveau/ — 516.27 ms — 14 queries
2026-04-13 13:56:17,224 [WARNING] slowrequests: POST /utilisateurs/nouveau/ — 505.12 ms — 14 queries
2026-04-13 14:06:10,828 [WARNING] slowrequests: POST /login/ — 502.01 ms — 9 queries
2026-04-13 14:15:11,783 [WARNING] slowrequests: POST /login/ — 755.52 ms — 10 queries
2026-04-13 14:15:21,822 [WARNING] slowrequests: POST /login/ — 265.85 ms — 9 queries
2026-04-13 14:16:18,548 [WARNING] slowrequests: POST /utilisateurs/nouveau/ — 289.41 ms — 14 queries
2026-04-13 14:16:53,530 [WARNING] slowrequests: POST /login/ — 774.13 ms — 10 queries
2026-04-13 14:20:38,308 [WARNING] slowrequests: POST /login/ — 753.02 ms — 10 queries
2026-04-13 14:20:49,037 [WARNING] slowrequests: POST /login/ — 789.37 ms — 10 queries
2026-04-13 14:21:05,747 [WARNING] slowrequests: POST /login/ — 497.84 ms — 9 queries
2026-04-13 14:22:39,587 [WARNING] slowrequests: POST /login/ — 537.37 ms — 9 queries
2026-04-13 14:28:36,839 [WARNING] slowrequests: POST /login/ — 785.62 ms — 10 queries
2026-04-13 14:28:48,834 [WARNING] slowrequests: POST /login/ — 517.18 ms — 9 queries
2026-04-13 14:29:36,326 [WARNING] slowrequests: POST /login/ — 518.36 ms — 9 queries
2026-04-13 14:30:14,063 [WARNING] slowrequests: POST /login/ — 512.53 ms — 9 queries
2026-04-13 14:31:43,168 [WARNING] slowrequests: POST /login/ — 779.15 ms — 10 queries
2026-04-13 14:35:42,609 [WARNING] slowrequests: POST /login/ — 805.80 ms — 10 queries
2026-04-13 14:35:52,277 [WARNING] slowrequests: POST /login/ — 819.23 ms — 10 queries
2026-04-13 14:38:30,515 [WARNING] slowrequests: POST /login/ — 529.61 ms — 9 queries
2026-04-13 14:39:16,716 [WARNING] slowrequests: POST /login/ — 767.53 ms — 10 queries
2026-04-13 15:01:43,958 [WARNING] slowrequests: POST /login/ — 262.88 ms — 9 queries
2026-04-13 15:04:12,261 [WARNING] slowrequests: POST /login/ — 802.32 ms — 10 queries
2026-04-13 15:05:07,407 [WARNING] slowrequests: POST /login/ — 766.45 ms — 10 queries
2026-04-13 15:07:22,220 [WARNING] slowrequests: POST /login/ — 743.52 ms — 10 queries
2026-04-13 18:30:33,169 [WARNING] slowrequests: POST /login/ — 1228.48 ms — 10 queries
2026-04-13 18:30:45,013 [WARNING] slowrequests: POST /login/ — 446.16 ms — 9 queries
2026-04-13 18:30:59,722 [WARNING] slowrequests: POST /login/ — 436.62 ms — 9 queries
2026-04-13 18:32:53,237 [WARNING] slowrequests: POST /login/ — 1500.27 ms — 10 queries
2026-04-13 18:33:19,177 [WARNING] slowrequests: POST /login/ — 1484.33 ms — 10 queries
2026-04-13 19:48:37,684 [WARNING] slowrequests: GET /dashboard/ — 346.18 ms — 49 queries
2026-04-13 20:06:10,409 [WARNING] slowrequests: POST /login/ — 472.25 ms — 9 queries
2026-04-14 09:40:10,456 [WARNING] slowrequests: GET /dashboard/ — 278.80 ms — 2 queries
2026-04-14 09:45:47,573 [WARNING] slowrequests: GET /dashboard/ — 243.67 ms — 2 queries
2026-04-14 09:51:58,237 [WARNING] slowrequests: GET /admin/auth/user/ — 256.98 ms — 6 queries
2026-04-14 10:07:31,781 [WARNING] slowrequests: POST /login/ — 248.87 ms — 9 queries
2026-04-14 10:37:42,733 [WARNING] slowrequests: POST /admin/login/?next=/admin/auth/user/ — 300.96 ms — 10 queries
2026-04-14 11:28:10,569 [WARNING] slowrequests: POST /login/ — 693.90 ms — 10 queries
2026-04-14 11:34:11,280 [WARNING] slowrequests: POST /login/ — 248.13 ms — 9 queries
2026-04-14 12:06:12,833 [WARNING] slowrequests: POST /login/ — 237.27 ms — 9 queries
2026-04-14 12:06:42,650 [WARNING] slowrequests: POST /login/ — 240.71 ms — 9 queries
2026-04-14 12:40:33,016 [WARNING] slowrequests: POST /demandes/nouvelle/ — 2619.84 ms — 12 queries
2026-04-14 12:43:49,735 [WARNING] slowrequests: POST /demandes/nouvelle/ — 5694.99 ms — 13 queries
2026-04-14 12:44:47,133 [WARNING] slowrequests: POST /demandes/nouvelle/ — 4191.46 ms — 12 queries
2026-04-14 12:49:44,925 [WARNING] slowrequests: POST /demandes/nouvelle/ — 1316.13 ms — 11 queries
2026-04-14 13:05:37,483 [WARNING] slowrequests: POST /login/ — 234.92 ms — 9 queries
2026-04-14 13:06:03,343 [WARNING] slowrequests: POST /login/ — 236.28 ms — 9 queries
2026-04-14 13:14:56,781 [WARNING] slowrequests: POST /admin/tickets/smtpsettings/1/test/ — 2213.95 ms — 3 queries
2026-04-14 13:16:12,898 [WARNING] slowrequests: POST /admin/tickets/smtpsettings/1/test/ — 808.86 ms — 3 queries
2026-04-14 14:45:09,614 [WARNING] slowrequests: GET /admin/auth/user/ — 238.05 ms — 6 queries
2026-04-16 13:43:14,619 [WARNING] slowrequests: GET /admin/auth/user/ — 323.90 ms — 6 queries
2026-04-16 14:26:50,085 [WARNING] slowrequests: POST /login/ — 276.97 ms — 9 queries
2026-04-20 09:03:27,411 [WARNING] slowrequests: POST /login/ — 451.11 ms — 9 queries
2026-04-20 09:06:22,142 [WARNING] slowrequests: POST /login/ — 497.18 ms — 9 queries
2026-04-20 09:10:00,189 [WARNING] slowrequests: POST /login/ — 570.45 ms — 9 queries
2026-04-20 09:10:13,521 [WARNING] slowrequests: POST /login/ — 463.49 ms — 9 queries
2026-04-20 10:21:42,226 [WARNING] slowrequests: GET /demandes/dashboard/ — 365.75 ms — 43 queries
2026-04-20 10:36:41,168 [WARNING] slowrequests: POST /demandes/nouvelle/ — 5063.57 ms — 12 queries
2026-04-20 10:40:22,931 [WARNING] slowrequests: POST /demandes/nouvelle/ — 2320.25 ms — 12 queries
2026-04-20 10:49:35,971 [WARNING] slowrequests: POST /demandes/nouvelle/ — 2171.96 ms — 13 queries
2026-04-20 10:52:04,300 [WARNING] slowrequests: POST /demandes/nouvelle/ — 3797.66 ms — 13 queries
2026-04-20 14:13:29,530 [WARNING] slowrequests: POST /login/ — 265.39 ms — 9 queries
2026-04-20 14:16:48,755 [WARNING] slowrequests: POST /demandes/nouvelle/ — 3920.58 ms — 14 queries
2026-04-21 09:54:24,186 [WARNING] slowrequests: GET /demandes/dashboard/?search=informatique — 378.60 ms — 103 queries
2026-04-21 10:52:11,103 [WARNING] slowrequests: POST /login/ — 466.86 ms — 9 queries
2026-04-21 11:02:26,247 [WARNING] slowrequests: POST /login/ — 455.56 ms — 9 queries
2026-04-21 11:14:15,368 [WARNING] slowrequests: POST /demandes/nouvelle/ — 7109.01 ms — 15 queries
